{"level": "info", "event": "inference_complete", "timestamp": "2026-03-19T02:07:36.306109+00:00", "path": "/api/v1/health", "latency_ms": 4.83, "status_code": 200, "logger": "src.app", "filename": "app.py", "lineno": 290}
{"level": "info", "event": "inference_complete", "timestamp": "2026-03-19T02:07:37.695465+00:00", "path": "/api/v1/health", "latency_ms": 5.29, "status_code": 200, "logger": "src.app", "filename": "app.py", "lineno": 290}
{"level": "info", "event": "inference_complete", "timestamp": "2026-03-19T02:07:38.000174+00:00", "path": "/api/v1/classify", "latency_ms": 845.79, "status_code": 200, "logger": "src.app", "filename": "app.py", "lineno": 290}
{"level": "info", "event": "inference_complete", "timestamp": "2026-03-19T02:07:38.556031+00:00", "path": "/api/v1/classify", "latency_ms": 55.57, "status_code": 200, "logger": "src.app", "filename": "app.py", "lineno": 290}
{"level": "info", "event": "inference_complete", "timestamp": "2026-03-19T02:07:39.923525+00:00", "path": "/api/v1/batch/classify", "latency_ms": 158.25, "status_code": 200, "logger": "src.app", "filename": "app.py", "lineno": 290}
{"level": "info", "event": "inference_complete", "timestamp": "2026-03-19T02:07:40.325854+00:00", "path": "/api/v1/classify", "latency_ms": 37.36, "status_code": 200, "logger": "src.app", "filename": "app.py", "lineno": 290}
{"level": "info", "event": "inference_complete", "timestamp": "2026-03-19T02:07:41.863631+00:00", "path": "/api/v1/batch/classify", "latency_ms": 938.64, "status_code": 200, "logger": "src.app", "filename": "app.py", "lineno": 290}
{"level": "info", "event": "inference_complete", "timestamp": "2026-03-19T02:07:43.213196+00:00", "path": "/api/v1/batch/classify", "latency_ms": 839.78, "status_code": 200, "logger": "src.app", "filename": "app.py", "lineno": 290}
{"level": "error", "event": "inference_failed", "timestamp": "2026-03-19T02:07:44.821980+00:00", "path": "/api/v1/batch/classify", "latency_ms": 152.18, "status_code": 500, "logger": "src.app", "filename": "app.py", "lineno": 280, "message": "Memory allocation error"}
{"level": "info", "event": "inference_complete", "timestamp": "2026-03-19T02:07:46.367286+00:00", "path": "/api/v1/batch/classify", "latency_ms": 492.98, "status_code": 200, "logger": "src.app", "filename": "app.py", "lineno": 290}
{"level": "info", "event": "inference_complete", "timestamp": "2026-03-19T02:07:46.827198+00:00", "path": "/api/v1/classify", "latency_ms": 46.78, "status_code": 200, "logger": "src.app", "filename": "app.py", "lineno": 290}
{"level": "info", "event": "inference_complete", "timestamp": "2026-03-19T02:07:47.635235+00:00", "path": "/api/v1/classify", "latency_ms": 62.89, "status_code": 200, "logger": "src.app", "filename": "app.py", "lineno": 290}
{"level": "info", "event": "inference_complete", "timestamp": "2026-03-19T02:07:48.897538+00:00", "path": "/api/v1/metrics", "latency_ms": 8.71, "status_code": 200, "logger": "src.app", "filename": "app.py", "lineno": 290}
{"level": "info", "event": "inference_complete", "timestamp": "2026-03-19T02:07:49.558380+00:00", "path": "/api/v1/health", "latency_ms": 5.66, "status_code": 200, "logger": "src.app", "filename": "app.py", "lineno": 290}
{"level": "info", "event": "inference_complete", "timestamp": "2026-03-19T02:07:50.036374+00:00", "path": "/api/v1/classify", "latency_ms": 44.64, "status_code": 200, "logger": "src.app", "filename": "app.py", "lineno": 290}
{"level": "info", "event": "inference_complete", "timestamp": "2026-03-19T02:07:50.585381+00:00", "path": "/api/v1/metrics", "latency_ms": 10.31, "status_code": 200, "logger": "src.app", "filename": "app.py", "lineno": 290}
{"level": "info", "event": "inference_complete", "timestamp": "2026-03-19T02:07:51.408020+00:00", "path": "/api/v1/generate", "latency_ms": 113.62, "status_code": 200, "logger": "src.app", "filename": "app.py", "lineno": 290}
{"level": "info", "event": "inference_complete", "timestamp": "2026-03-19T02:07:53.376193+00:00", "path": "/api/v1/metrics", "latency_ms": 6.98, "status_code": 200, "logger": "src.app", "filename": "app.py", "lineno": 290}
{"level": "info", "event": "inference_complete", "timestamp": "2026-03-19T02:07:54.771032+00:00", "path": "/api/v1/classify", "latency_ms": 31.1, "status_code": 200, "logger": "src.app", "filename": "app.py", "lineno": 290}
{"level": "info", "event": "inference_complete", "timestamp": "2026-03-19T02:07:55.989475+00:00", "path": "/api/v1/batch/classify", "latency_ms": 220.52, "status_code": 200, "logger": "src.app", "filename": "app.py", "lineno": 290}
{"level": "info", "event": "inference_complete", "timestamp": "2026-03-19T02:07:57.445234+00:00", "path": "/api/v1/classify", "latency_ms": 49.14, "status_code": 200, "logger": "src.app", "filename": "app.py", "lineno": 290}
{"level": "info", "event": "inference_complete", "timestamp": "2026-03-19T02:07:57.984664+00:00", "path": "/api/v1/models", "latency_ms": 2.4, "status_code": 200, "logger": "src.app", "filename": "app.py", "lineno": 290}
{"level": "info", "event": "inference_complete", "timestamp": "2026-03-19T02:07:59.442632+00:00", "path": "/api/v1/health", "latency_ms": 6.58, "status_code": 200, "logger": "src.app", "filename": "app.py", "lineno": 290}
{"level": "info", "event": "inference_complete", "timestamp": "2026-03-19T02:07:59.796213+00:00", "path": "/api/v1/batch/classify", "latency_ms": 199.47, "status_code": 200, "logger": "src.app", "filename": "app.py", "lineno": 290}
{"level": "info", "event": "inference_complete", "timestamp": "2026-03-19T02:08:01.599538+00:00", "path": "/api/v1/classify", "latency_ms": 50.71, "status_code": 200, "logger": "src.app", "filename": "app.py", "lineno": 290}
{"level": "info", "event": "inference_complete", "timestamp": "2026-03-19T02:08:03.217088+00:00", "path": "/api/v1/classify", "latency_ms": 31.56, "status_code": 200, "logger": "src.app", "filename": "app.py", "lineno": 290}
{"level": "info", "event": "inference_complete", "timestamp": "2026-03-19T02:08:05.130227+00:00", "path": "/api/v1/classify", "latency_ms": 42.17, "status_code": 200, "logger": "src.app", "filename": "app.py", "lineno": 290}
{"level": "info", "event": "inference_complete", "timestamp": "2026-03-19T02:08:07.037825+00:00", "path": "/api/v1/health", "latency_ms": 6.1, "status_code": 200, "logger": "src.app", "filename": "app.py", "lineno": 290}
{"level": "info", "event": "inference_complete", "timestamp": "2026-03-19T02:08:07.544165+00:00", "path": "/api/v1/metrics", "latency_ms": 541.77, "status_code": 200, "logger": "src.app", "filename": "app.py", "lineno": 290}
{"level": "info", "event": "inference_complete", "timestamp": "2026-03-19T02:08:09.385860+00:00", "path": "/api/v1/classify", "latency_ms": 47.37, "status_code": 200, "logger": "src.app", "filename": "app.py", "lineno": 290}
{"level": "info", "event": "inference_complete", "timestamp": "2026-03-19T02:08:11.026033+00:00", "path": "/api/v1/classify", "latency_ms": 47.91, "status_code": 200, "logger": "src.app", "filename": "app.py", "lineno": 290}
{"level": "info", "event": "inference_complete", "timestamp": "2026-03-19T02:08:12.201279+00:00", "path": "/api/v1/classify", "latency_ms": 48.56, "status_code": 200, "logger": "src.app", "filename": "app.py", "lineno": 290}
{"level": "info", "event": "inference_complete", "timestamp": "2026-03-19T02:08:13.506548+00:00", "path": "/api/v1/classify", "latency_ms": 72.24, "status_code": 200, "logger": "src.app", "filename": "app.py", "lineno": 290}
{"level": "info", "event": "inference_complete", "timestamp": "2026-03-19T02:08:14.659281+00:00", "path": "/api/v1/classify", "latency_ms": 53.47, "status_code": 200, "logger": "src.app", "filename": "app.py", "lineno": 290}
{"level": "info", "event": "inference_complete", "timestamp": "2026-03-19T02:08:15.475310+00:00", "path": "/api/v1/batch/classify", "latency_ms": 105.21, "status_code": 200, "logger": "src.app", "filename": "app.py", "lineno": 290}
{"level": "info", "event": "inference_complete", "timestamp": "2026-03-19T02:08:16.702075+00:00", "path": "/api/v1/classify", "latency_ms": 711.0, "status_code": 200, "logger": "src.app", "filename": "app.py", "lineno": 290}
{"level": "info", "event": "inference_complete", "timestamp": "2026-03-19T02:08:17.856709+00:00", "path": "/api/v1/metrics", "latency_ms": 7.76, "status_code": 200, "logger": "src.app", "filename": "app.py", "lineno": 290}
{"level": "info", "event": "inference_complete", "timestamp": "2026-03-19T02:08:19.818875+00:00", "path": "/api/v1/health", "latency_ms": 5.25, "status_code": 200, "logger": "src.app", "filename": "app.py", "lineno": 290}
{"level": "info", "event": "inference_complete", "timestamp": "2026-03-19T02:08:21.215886+00:00", "path": "/api/v1/metrics", "latency_ms": 8.37, "status_code": 200, "logger": "src.app", "filename": "app.py", "lineno": 290}
{"level": "info", "event": "inference_complete", "timestamp": "2026-03-19T02:08:21.837399+00:00", "path": "/api/v1/classify", "latency_ms": 47.73, "status_code": 200, "logger": "src.app", "filename": "app.py", "lineno": 290}
{"level": "info", "event": "inference_complete", "timestamp": "2026-03-19T02:08:22.298867+00:00", "path": "/api/v1/generate", "latency_ms": 126.46, "status_code": 200, "logger": "src.app", "filename": "app.py", "lineno": 290}
{"level": "info", "event": "inference_complete", "timestamp": "2026-03-19T02:08:23.650996+00:00", "path": "/api/v1/models", "latency_ms": 2.74, "status_code": 200, "logger": "src.app", "filename": "app.py", "lineno": 290}
{"level": "info", "event": "inference_complete", "timestamp": "2026-03-19T02:08:24.789396+00:00", "path": "/api/v1/classify", "latency_ms": 37.92, "status_code": 200, "logger": "src.app", "filename": "app.py", "lineno": 290}
{"level": "info", "event": "inference_complete", "timestamp": "2026-03-19T02:08:26.236739+00:00", "path": "/api/v1/batch/classify", "latency_ms": 582.7, "status_code": 200, "logger": "src.app", "filename": "app.py", "lineno": 290}
{"level": "info", "event": "inference_complete", "timestamp": "2026-03-19T02:08:27.596566+00:00", "path": "/api/v1/classify", "latency_ms": 51.62, "status_code": 200, "logger": "src.app", "filename": "app.py", "lineno": 290}
{"level": "info", "event": "inference_complete", "timestamp": "2026-03-19T02:08:28.130559+00:00", "path": "/api/v1/health", "latency_ms": 5.13, "status_code": 200, "logger": "src.app", "filename": "app.py", "lineno": 290}
{"level": "info", "event": "inference_complete", "timestamp": "2026-03-19T02:08:28.668956+00:00", "path": "/api/v1/health", "latency_ms": 4.74, "status_code": 200, "logger": "src.app", "filename": "app.py", "lineno": 290}
{"level": "info", "event": "inference_complete", "timestamp": "2026-03-19T02:08:30.638548+00:00", "path": "/api/v1/generate", "latency_ms": 115.65, "status_code": 200, "logger": "src.app", "filename": "app.py", "lineno": 290}
{"level": "error", "event": "inference_failed", "timestamp": "2026-03-19T02:08:31.198156+00:00", "path": "/api/v1/generate", "latency_ms": 159.24, "status_code": 500, "logger": "src.app", "filename": "app.py", "lineno": 280, "message": "Concurrency limit exceeded"}
{"level": "info", "event": "inference_complete", "timestamp": "2026-03-19T02:08:31.919784+00:00", "path": "/api/v1/classify", "latency_ms": 59.82, "status_code": 200, "logger": "src.app", "filename": "app.py", "lineno": 290}
{"level": "info", "event": "inference_complete", "timestamp": "2026-03-19T02:08:32.901933+00:00", "path": "/api/v1/generate", "latency_ms": 142.89, "status_code": 200, "logger": "src.app", "filename": "app.py", "lineno": 290}
{"level": "info", "event": "inference_complete", "timestamp": "2026-03-19T02:08:34.574757+00:00", "path": "/api/v1/models", "latency_ms": 2.78, "status_code": 200, "logger": "src.app", "filename": "app.py", "lineno": 290}
{"level": "info", "event": "inference_complete", "timestamp": "2026-03-19T02:08:36.058962+00:00", "path": "/api/v1/classify", "latency_ms": 46.94, "status_code": 200, "logger": "src.app", "filename": "app.py", "lineno": 290}
{"level": "info", "event": "inference_complete", "timestamp": "2026-03-19T02:08:37.341071+00:00", "path": "/api/v1/metrics", "latency_ms": 8.52, "status_code": 200, "logger": "src.app", "filename": "app.py", "lineno": 290}
{"level": "info", "event": "inference_complete", "timestamp": "2026-03-19T02:08:38.953080+00:00", "path": "/api/v1/classify", "latency_ms": 40.63, "status_code": 200, "logger": "src.app", "filename": "app.py", "lineno": 290}
{"level": "error", "event": "inference_failed", "timestamp": "2026-03-19T02:08:40.741409+00:00", "path": "/api/v1/batch/classify", "latency_ms": 183.08, "status_code": 500, "logger": "src.app", "filename": "app.py", "lineno": 280, "message": "Concurrency limit exceeded"}
{"level": "info", "event": "inference_complete", "timestamp": "2026-03-19T02:08:42.731724+00:00", "path": "/api/v1/classify", "latency_ms": 39.03, "status_code": 200, "logger": "src.app", "filename": "app.py", "lineno": 290}
{"level": "info", "event": "inference_complete", "timestamp": "2026-03-19T02:08:43.736609+00:00", "path": "/api/v1/metrics", "latency_ms": 6.33, "status_code": 200, "logger": "src.app", "filename": "app.py", "lineno": 290}
{"level": "error", "event": "inference_failed", "timestamp": "2026-03-19T02:08:45.586348+00:00", "path": "/api/v1/batch/classify", "latency_ms": 193.46, "status_code": 500, "logger": "src.app", "filename": "app.py", "lineno": 280, "message": "Concurrency limit exceeded"}
{"level": "info", "event": "inference_complete", "timestamp": "2026-03-19T02:08:45.951178+00:00", "path": "/api/v1/classify", "latency_ms": 49.79, "status_code": 200, "logger": "src.app", "filename": "app.py", "lineno": 290}
{"level": "info", "event": "inference_complete", "timestamp": "2026-03-19T02:08:46.625418+00:00", "path": "/api/v1/classify", "latency_ms": 46.64, "status_code": 200, "logger": "src.app", "filename": "app.py", "lineno": 290}
{"level": "info", "event": "inference_complete", "timestamp": "2026-03-19T02:08:47.260567+00:00", "path": "/api/v1/metrics", "latency_ms": 782.05, "status_code": 200, "logger": "src.app", "filename": "app.py", "lineno": 290}
{"level": "info", "event": "inference_complete", "timestamp": "2026-03-19T02:08:49.224271+00:00", "path": "/api/v1/generate", "latency_ms": 98.68, "status_code": 200, "logger": "src.app", "filename": "app.py", "lineno": 290}
{"level": "info", "event": "inference_complete", "timestamp": "2026-03-19T02:08:50.159166+00:00", "path": "/api/v1/health", "latency_ms": 6.26, "status_code": 200, "logger": "src.app", "filename": "app.py", "lineno": 290}
{"level": "info", "event": "inference_complete", "timestamp": "2026-03-19T02:08:51.462377+00:00", "path": "/api/v1/classify", "latency_ms": 60.97, "status_code": 200, "logger": "src.app", "filename": "app.py", "lineno": 290}
{"level": "info", "event": "inference_complete", "timestamp": "2026-03-19T02:08:53.374035+00:00", "path": "/api/v1/generate", "latency_ms": 109.05, "status_code": 200, "logger": "src.app", "filename": "app.py", "lineno": 290}
{"level": "info", "event": "inference_complete", "timestamp": "2026-03-19T02:08:54.556390+00:00", "path": "/api/v1/health", "latency_ms": 4.47, "status_code": 200, "logger": "src.app", "filename": "app.py", "lineno": 290}
{"level": "info", "event": "inference_complete", "timestamp": "2026-03-19T02:08:55.696279+00:00", "path": "/api/v1/classify", "latency_ms": 51.68, "status_code": 200, "logger": "src.app", "filename": "app.py", "lineno": 290}
{"level": "info", "event": "inference_complete", "timestamp": "2026-03-19T02:08:57.114661+00:00", "path": "/api/v1/classify", "latency_ms": 42.51, "status_code": 200, "logger": "src.app", "filename": "app.py", "lineno": 290}
{"level": "info", "event": "inference_complete", "timestamp": "2026-03-19T02:08:57.788974+00:00", "path": "/api/v1/batch/classify", "latency_ms": 170.46, "status_code": 200, "logger": "src.app", "filename": "app.py", "lineno": 290}
{"level": "info", "event": "inference_complete", "timestamp": "2026-03-19T02:08:59.674681+00:00", "path": "/api/v1/batch/classify", "latency_ms": 225.33, "status_code": 200, "logger": "src.app", "filename": "app.py", "lineno": 290}
{"level": "info", "event": "inference_complete", "timestamp": "2026-03-19T02:09:00.572915+00:00", "path": "/api/v1/models", "latency_ms": 2.5, "status_code": 200, "logger": "src.app", "filename": "app.py", "lineno": 290}
{"level": "info", "event": "inference_complete", "timestamp": "2026-03-19T02:09:02.417733+00:00", "path": "/api/v1/health", "latency_ms": 2.49, "status_code": 200, "logger": "src.app", "filename": "app.py", "lineno": 290}
{"level": "info", "event": "inference_complete", "timestamp": "2026-03-19T02:09:03.387490+00:00", "path": "/api/v1/batch/classify", "latency_ms": 235.41, "status_code": 200, "logger": "src.app", "filename": "app.py", "lineno": 290}
{"level": "info", "event": "inference_complete", "timestamp": "2026-03-19T02:09:05.093949+00:00", "path": "/api/v1/classify", "latency_ms": 45.22, "status_code": 200, "logger": "src.app", "filename": "app.py", "lineno": 290}
{"level": "info", "event": "inference_complete", "timestamp": "2026-03-19T02:09:05.902648+00:00", "path": "/api/v1/generate", "latency_ms": 158.54, "status_code": 200, "logger": "src.app", "filename": "app.py", "lineno": 290}
{"level": "info", "event": "inference_complete", "timestamp": "2026-03-19T02:09:06.252995+00:00", "path": "/api/v1/batch/classify", "latency_ms": 142.37, "status_code": 200, "logger": "src.app", "filename": "app.py", "lineno": 290}
{"level": "info", "event": "inference_complete", "timestamp": "2026-03-19T02:09:07.498941+00:00", "path": "/api/v1/health", "latency_ms": 245.51, "status_code": 200, "logger": "src.app", "filename": "app.py", "lineno": 290}
{"level": "info", "event": "inference_complete", "timestamp": "2026-03-19T02:09:09.427722+00:00", "path": "/api/v1/models", "latency_ms": 3.59, "status_code": 200, "logger": "src.app", "filename": "app.py", "lineno": 290}
{"level": "info", "event": "inference_complete", "timestamp": "2026-03-19T02:09:09.773499+00:00", "path": "/api/v1/classify", "latency_ms": 41.55, "status_code": 200, "logger": "src.app", "filename": "app.py", "lineno": 290}
{"level": "info", "event": "inference_complete", "timestamp": "2026-03-19T02:09:10.648217+00:00", "path": "/api/v1/generate", "latency_ms": 132.16, "status_code": 200, "logger": "src.app", "filename": "app.py", "lineno": 290}
{"level": "info", "event": "inference_complete", "timestamp": "2026-03-19T02:09:11.969633+00:00", "path": "/api/v1/classify", "latency_ms": 53.19, "status_code": 200, "logger": "src.app", "filename": "app.py", "lineno": 290}
{"level": "info", "event": "inference_complete", "timestamp": "2026-03-19T02:09:13.720446+00:00", "path": "/api/v1/health", "latency_ms": 4.28, "status_code": 200, "logger": "src.app", "filename": "app.py", "lineno": 290}
{"level": "info", "event": "inference_complete", "timestamp": "2026-03-19T02:09:14.985992+00:00", "path": "/api/v1/metrics", "latency_ms": 8.0, "status_code": 200, "logger": "src.app", "filename": "app.py", "lineno": 290}
{"level": "info", "event": "inference_complete", "timestamp": "2026-03-19T02:09:16.344889+00:00", "path": "/api/v1/generate", "latency_ms": 122.63, "status_code": 200, "logger": "src.app", "filename": "app.py", "lineno": 290}
{"level": "info", "event": "inference_complete", "timestamp": "2026-03-19T02:09:16.888491+00:00", "path": "/api/v1/generate", "latency_ms": 116.74, "status_code": 200, "logger": "src.app", "filename": "app.py", "lineno": 290}
{"level": "info", "event": "inference_complete", "timestamp": "2026-03-19T02:09:17.236099+00:00", "path": "/api/v1/generate", "latency_ms": 141.7, "status_code": 200, "logger": "src.app", "filename": "app.py", "lineno": 290}
{"level": "info", "event": "inference_complete", "timestamp": "2026-03-19T02:09:17.828720+00:00", "path": "/api/v1/classify", "latency_ms": 47.04, "status_code": 200, "logger": "src.app", "filename": "app.py", "lineno": 290}
{"level": "info", "event": "inference_complete", "timestamp": "2026-03-19T02:09:18.853616+00:00", "path": "/api/v1/generate", "latency_ms": 355.31, "status_code": 200, "logger": "src.app", "filename": "app.py", "lineno": 290}
{"level": "info", "event": "inference_complete", "timestamp": "2026-03-19T02:09:20.388983+00:00", "path": "/api/v1/classify", "latency_ms": 50.18, "status_code": 200, "logger": "src.app", "filename": "app.py", "lineno": 290}
{"level": "info", "event": "inference_complete", "timestamp": "2026-03-19T02:09:21.043364+00:00", "path": "/api/v1/health", "latency_ms": 4.85, "status_code": 200, "logger": "src.app", "filename": "app.py", "lineno": 290}
{"level": "info", "event": "inference_complete", "timestamp": "2026-03-19T02:09:22.167585+00:00", "path": "/api/v1/classify", "latency_ms": 56.16, "status_code": 200, "logger": "src.app", "filename": "app.py", "lineno": 290}
{"level": "info", "event": "inference_complete", "timestamp": "2026-03-19T02:09:23.436179+00:00", "path": "/api/v1/classify", "latency_ms": 63.07, "status_code": 200, "logger": "src.app", "filename": "app.py", "lineno": 290}
{"level": "info", "event": "inference_complete", "timestamp": "2026-03-19T02:09:25.358512+00:00", "path": "/api/v1/generate", "latency_ms": 150.51, "status_code": 200, "logger": "src.app", "filename": "app.py", "lineno": 290}
{"level": "info", "event": "inference_complete", "timestamp": "2026-03-19T02:09:26.362736+00:00", "path": "/api/v1/classify", "latency_ms": 57.98, "status_code": 200, "logger": "src.app", "filename": "app.py", "lineno": 290}
{"level": "info", "event": "inference_complete", "timestamp": "2026-03-19T02:09:27.826750+00:00", "path": "/api/v1/health", "latency_ms": 5.52, "status_code": 200, "logger": "src.app", "filename": "app.py", "lineno": 290}
{"level": "info", "event": "inference_complete", "timestamp": "2026-03-19T02:09:29.655703+00:00", "path": "/api/v1/classify", "latency_ms": 52.36, "status_code": 200, "logger": "src.app", "filename": "app.py", "lineno": 290}
{"level": "error", "event": "inference_failed", "timestamp": "2026-03-19T02:09:31.075161+00:00", "path": "/api/v1/batch/classify", "latency_ms": 941.45, "status_code": 500, "logger": "src.app", "filename": "app.py", "lineno": 280, "message": "Concurrency limit exceeded"}
{"level": "info", "event": "inference_complete", "timestamp": "2026-03-19T02:09:31.521368+00:00", "path": "/api/v1/batch/classify", "latency_ms": 241.33, "status_code": 200, "logger": "src.app", "filename": "app.py", "lineno": 290}
{"level": "info", "event": "inference_complete", "timestamp": "2026-03-19T02:09:32.365668+00:00", "path": "/api/v1/classify", "latency_ms": 48.2, "status_code": 200, "logger": "src.app", "filename": "app.py", "lineno": 290}
{"level": "info", "event": "inference_complete", "timestamp": "2026-03-19T02:09:33.041162+00:00", "path": "/api/v1/classify", "latency_ms": 42.32, "status_code": 200, "logger": "src.app", "filename": "app.py", "lineno": 290}
{"level": "info", "event": "inference_complete", "timestamp": "2026-03-19T02:09:33.826807+00:00", "path": "/api/v1/classify", "latency_ms": 58.9, "status_code": 200, "logger": "src.app", "filename": "app.py", "lineno": 290}
{"level": "info", "event": "inference_complete", "timestamp": "2026-03-19T02:09:35.685971+00:00", "path": "/api/v1/health", "latency_ms": 5.88, "status_code": 200, "logger": "src.app", "filename": "app.py", "lineno": 290}
{"level": "info", "event": "inference_complete", "timestamp": "2026-03-19T02:09:37.061183+00:00", "path": "/api/v1/batch/classify", "latency_ms": 148.8, "status_code": 200, "logger": "src.app", "filename": "app.py", "lineno": 290}
{"level": "info", "event": "inference_complete", "timestamp": "2026-03-19T02:09:37.704561+00:00", "path": "/api/v1/classify", "latency_ms": 32.29, "status_code": 200, "logger": "src.app", "filename": "app.py", "lineno": 290}
{"level": "error", "event": "inference_failed", "timestamp": "2026-03-19T02:09:38.324921+00:00", "path": "/api/v1/generate", "latency_ms": 108.68, "status_code": 500, "logger": "src.app", "filename": "app.py", "lineno": 280, "message": "Memory allocation error"}
{"level": "info", "event": "inference_complete", "timestamp": "2026-03-19T02:09:38.693744+00:00", "path": "/api/v1/classify", "latency_ms": 40.76, "status_code": 200, "logger": "src.app", "filename": "app.py", "lineno": 290}
{"level": "info", "event": "inference_complete", "timestamp": "2026-03-19T02:09:39.317332+00:00", "path": "/api/v1/batch/classify", "latency_ms": 201.85, "status_code": 200, "logger": "src.app", "filename": "app.py", "lineno": 290}
{"level": "info", "event": "inference_complete", "timestamp": "2026-03-19T02:09:40.350474+00:00", "path": "/api/v1/classify", "latency_ms": 48.15, "status_code": 200, "logger": "src.app", "filename": "app.py", "lineno": 290}
{"level": "info", "event": "inference_complete", "timestamp": "2026-03-19T02:09:40.664041+00:00", "path": "/api/v1/generate", "latency_ms": 153.83, "status_code": 200, "logger": "src.app", "filename": "app.py", "lineno": 290}
{"level": "info", "event": "inference_complete", "timestamp": "2026-03-19T02:09:41.828206+00:00", "path": "/api/v1/classify", "latency_ms": 61.97, "status_code": 200, "logger": "src.app", "filename": "app.py", "lineno": 290}
{"level": "info", "event": "inference_complete", "timestamp": "2026-03-19T02:09:43.164230+00:00", "path": "/api/v1/classify", "latency_ms": 47.13, "status_code": 200, "logger": "src.app", "filename": "app.py", "lineno": 290}
{"level": "info", "event": "inference_complete", "timestamp": "2026-03-19T02:09:44.759713+00:00", "path": "/api/v1/batch/classify", "latency_ms": 112.59, "status_code": 200, "logger": "src.app", "filename": "app.py", "lineno": 290}
{"level": "info", "event": "inference_complete", "timestamp": "2026-03-19T02:09:46.380603+00:00", "path": "/api/v1/classify", "latency_ms": 65.32, "status_code": 200, "logger": "src.app", "filename": "app.py", "lineno": 290}
{"level": "info", "event": "inference_complete", "timestamp": "2026-03-19T02:09:48.245989+00:00", "path": "/api/v1/classify", "latency_ms": 60.26, "status_code": 200, "logger": "src.app", "filename": "app.py", "lineno": 290}
{"level": "error", "event": "inference_failed", "timestamp": "2026-03-19T02:09:48.841537+00:00", "path": "/api/v1/generate", "latency_ms": 83.05, "status_code": 500, "logger": "src.app", "filename": "app.py", "lineno": 280, "message": "Concurrency limit exceeded"}
{"level": "info", "event": "inference_complete", "timestamp": "2026-03-19T02:09:49.380836+00:00", "path": "/api/v1/models", "latency_ms": 2.92, "status_code": 200, "logger": "src.app", "filename": "app.py", "lineno": 290}
{"level": "info", "event": "inference_complete", "timestamp": "2026-03-19T02:09:51.251559+00:00", "path": "/api/v1/metrics", "latency_ms": 8.54, "status_code": 200, "logger": "src.app", "filename": "app.py", "lineno": 290}
{"level": "info", "event": "inference_complete", "timestamp": "2026-03-19T02:09:52.306549+00:00", "path": "/api/v1/metrics", "latency_ms": 10.47, "status_code": 200, "logger": "src.app", "filename": "app.py", "lineno": 290}
{"level": "info", "event": "inference_complete", "timestamp": "2026-03-19T02:09:53.949485+00:00", "path": "/api/v1/batch/classify", "latency_ms": 207.0, "status_code": 200, "logger": "src.app", "filename": "app.py", "lineno": 290}
{"level": "info", "event": "inference_complete", "timestamp": "2026-03-19T02:09:55.369840+00:00", "path": "/api/v1/generate", "latency_ms": 109.96, "status_code": 200, "logger": "src.app", "filename": "app.py", "lineno": 290}
{"level": "info", "event": "inference_complete", "timestamp": "2026-03-19T02:09:57.270271+00:00", "path": "/api/v1/health", "latency_ms": 4.01, "status_code": 200, "logger": "src.app", "filename": "app.py", "lineno": 290}
{"level": "info", "event": "inference_complete", "timestamp": "2026-03-19T02:09:59.190877+00:00", "path": "/api/v1/models", "latency_ms": 2.7, "status_code": 200, "logger": "src.app", "filename": "app.py", "lineno": 290}
{"level": "info", "event": "inference_complete", "timestamp": "2026-03-19T02:10:00.138365+00:00", "path": "/api/v1/metrics", "latency_ms": 8.92, "status_code": 200, "logger": "src.app", "filename": "app.py", "lineno": 290}
{"level": "info", "event": "inference_complete", "timestamp": "2026-03-19T02:10:00.928807+00:00", "path": "/api/v1/classify", "latency_ms": 56.52, "status_code": 200, "logger": "src.app", "filename": "app.py", "lineno": 290}
{"level": "info", "event": "inference_complete", "timestamp": "2026-03-19T02:10:01.353142+00:00", "path": "/api/v1/batch/classify", "latency_ms": 254.27, "status_code": 200, "logger": "src.app", "filename": "app.py", "lineno": 290}
{"level": "info", "event": "inference_complete", "timestamp": "2026-03-19T02:10:02.774549+00:00", "path": "/api/v1/classify", "latency_ms": 58.79, "status_code": 200, "logger": "src.app", "filename": "app.py", "lineno": 290}
{"level": "info", "event": "inference_complete", "timestamp": "2026-03-19T02:10:03.105654+00:00", "path": "/api/v1/health", "latency_ms": 3.68, "status_code": 200, "logger": "src.app", "filename": "app.py", "lineno": 290}
{"level": "info", "event": "inference_complete", "timestamp": "2026-03-19T02:10:04.723909+00:00", "path": "/api/v1/metrics", "latency_ms": 7.29, "status_code": 200, "logger": "src.app", "filename": "app.py", "lineno": 290}
{"level": "info", "event": "inference_complete", "timestamp": "2026-03-19T02:10:05.291091+00:00", "path": "/api/v1/metrics", "latency_ms": 11.0, "status_code": 200, "logger": "src.app", "filename": "app.py", "lineno": 290}
{"level": "info", "event": "inference_complete", "timestamp": "2026-03-19T02:10:05.877366+00:00", "path": "/api/v1/batch/classify", "latency_ms": 237.27, "status_code": 200, "logger": "src.app", "filename": "app.py", "lineno": 290}
{"level": "info", "event": "inference_complete", "timestamp": "2026-03-19T02:10:07.646797+00:00", "path": "/api/v1/classify", "latency_ms": 50.83, "status_code": 200, "logger": "src.app", "filename": "app.py", "lineno": 290}
{"level": "info", "event": "inference_complete", "timestamp": "2026-03-19T02:10:09.525301+00:00", "path": "/api/v1/generate", "latency_ms": 839.03, "status_code": 200, "logger": "src.app", "filename": "app.py", "lineno": 290}
{"level": "info", "event": "inference_complete", "timestamp": "2026-03-19T02:10:10.212438+00:00", "path": "/api/v1/health", "latency_ms": 652.57, "status_code": 200, "logger": "src.app", "filename": "app.py", "lineno": 290}
{"level": "info", "event": "inference_complete", "timestamp": "2026-03-19T02:10:11.217676+00:00", "path": "/api/v1/classify", "latency_ms": 53.95, "status_code": 200, "logger": "src.app", "filename": "app.py", "lineno": 290}
{"level": "info", "event": "inference_complete", "timestamp": "2026-03-19T02:10:11.674334+00:00", "path": "/api/v1/classify", "latency_ms": 47.78, "status_code": 200, "logger": "src.app", "filename": "app.py", "lineno": 290}
{"level": "info", "event": "inference_complete", "timestamp": "2026-03-19T02:10:13.596742+00:00", "path": "/api/v1/classify", "latency_ms": 54.94, "status_code": 200, "logger": "src.app", "filename": "app.py", "lineno": 290}
{"level": "info", "event": "inference_complete", "timestamp": "2026-03-19T02:10:14.153287+00:00", "path": "/api/v1/generate", "latency_ms": 78.65, "status_code": 200, "logger": "src.app", "filename": "app.py", "lineno": 290}
{"level": "info", "event": "inference_complete", "timestamp": "2026-03-19T02:10:15.633087+00:00", "path": "/api/v1/classify", "latency_ms": 47.68, "status_code": 200, "logger": "src.app", "filename": "app.py", "lineno": 290}
{"level": "info", "event": "inference_complete", "timestamp": "2026-03-19T02:10:16.729912+00:00", "path": "/api/v1/generate", "latency_ms": 60.95, "status_code": 200, "logger": "src.app", "filename": "app.py", "lineno": 290}
{"level": "info", "event": "inference_complete", "timestamp": "2026-03-19T02:10:17.105692+00:00", "path": "/api/v1/batch/classify", "latency_ms": 189.43, "status_code": 200, "logger": "src.app", "filename": "app.py", "lineno": 290}
{"level": "info", "event": "inference_complete", "timestamp": "2026-03-19T02:10:18.761770+00:00", "path": "/api/v1/metrics", "latency_ms": 8.11, "status_code": 200, "logger": "src.app", "filename": "app.py", "lineno": 290}
{"level": "info", "event": "inference_complete", "timestamp": "2026-03-19T02:10:20.195516+00:00", "path": "/api/v1/models", "latency_ms": 3.28, "status_code": 200, "logger": "src.app", "filename": "app.py", "lineno": 290}
{"level": "info", "event": "inference_complete", "timestamp": "2026-03-19T02:10:21.786419+00:00", "path": "/api/v1/health", "latency_ms": 5.4, "status_code": 200, "logger": "src.app", "filename": "app.py", "lineno": 290}
{"level": "info", "event": "inference_complete", "timestamp": "2026-03-19T02:10:22.459830+00:00", "path": "/api/v1/batch/classify", "latency_ms": 129.42, "status_code": 200, "logger": "src.app", "filename": "app.py", "lineno": 290}
{"level": "info", "event": "inference_complete", "timestamp": "2026-03-19T02:10:24.444772+00:00", "path": "/api/v1/health", "latency_ms": 4.1, "status_code": 200, "logger": "src.app", "filename": "app.py", "lineno": 290}
{"level": "info", "event": "inference_complete", "timestamp": "2026-03-19T02:10:25.713144+00:00", "path": "/api/v1/health", "latency_ms": 4.05, "status_code": 200, "logger": "src.app", "filename": "app.py", "lineno": 290}
{"level": "info", "event": "inference_complete", "timestamp": "2026-03-19T02:10:27.392233+00:00", "path": "/api/v1/batch/classify", "latency_ms": 895.85, "status_code": 200, "logger": "src.app", "filename": "app.py", "lineno": 290}
{"level": "info", "event": "inference_complete", "timestamp": "2026-03-19T02:10:29.033971+00:00", "path": "/api/v1/batch/classify", "latency_ms": 138.81, "status_code": 200, "logger": "src.app", "filename": "app.py", "lineno": 290}
{"level": "info", "event": "inference_complete", "timestamp": "2026-03-19T02:10:30.707924+00:00", "path": "/api/v1/models", "latency_ms": 3.32, "status_code": 200, "logger": "src.app", "filename": "app.py", "lineno": 290}
{"level": "info", "event": "inference_complete", "timestamp": "2026-03-19T02:10:32.079083+00:00", "path": "/api/v1/classify", "latency_ms": 64.79, "status_code": 200, "logger": "src.app", "filename": "app.py", "lineno": 290}
{"level": "info", "event": "inference_complete", "timestamp": "2026-03-19T02:10:33.036738+00:00", "path": "/api/v1/classify", "latency_ms": 52.25, "status_code": 200, "logger": "src.app", "filename": "app.py", "lineno": 290}
{"level": "info", "event": "inference_complete", "timestamp": "2026-03-19T02:10:33.985457+00:00", "path": "/api/v1/classify", "latency_ms": 51.96, "status_code": 200, "logger": "src.app", "filename": "app.py", "lineno": 290}
{"level": "info", "event": "inference_complete", "timestamp": "2026-03-19T02:10:34.800326+00:00", "path": "/api/v1/generate", "latency_ms": 87.77, "status_code": 200, "logger": "src.app", "filename": "app.py", "lineno": 290}
{"level": "info", "event": "inference_complete", "timestamp": "2026-03-19T02:10:36.191523+00:00", "path": "/api/v1/classify", "latency_ms": 55.04, "status_code": 200, "logger": "src.app", "filename": "app.py", "lineno": 290}
{"level": "info", "event": "inference_complete", "timestamp": "2026-03-19T02:10:38.107301+00:00", "path": "/api/v1/classify", "latency_ms": 793.54, "status_code": 200, "logger": "src.app", "filename": "app.py", "lineno": 290}
{"level": "info", "event": "inference_complete", "timestamp": "2026-03-19T02:10:38.783083+00:00", "path": "/api/v1/classify", "latency_ms": 33.23, "status_code": 200, "logger": "src.app", "filename": "app.py", "lineno": 290}
{"level": "info", "event": "inference_complete", "timestamp": "2026-03-19T02:10:40.165264+00:00", "path": "/api/v1/classify", "latency_ms": 49.77, "status_code": 200, "logger": "src.app", "filename": "app.py", "lineno": 290}
{"level": "info", "event": "inference_complete", "timestamp": "2026-03-19T02:10:41.271724+00:00", "path": "/api/v1/classify", "latency_ms": 36.0, "status_code": 200, "logger": "src.app", "filename": "app.py", "lineno": 290}
{"level": "info", "event": "inference_complete", "timestamp": "2026-03-19T02:10:43.244394+00:00", "path": "/api/v1/classify", "latency_ms": 392.93, "status_code": 200, "logger": "src.app", "filename": "app.py", "lineno": 290}
{"level": "info", "event": "inference_complete", "timestamp": "2026-03-19T02:10:43.783377+00:00", "path": "/api/v1/classify", "latency_ms": 46.9, "status_code": 200, "logger": "src.app", "filename": "app.py", "lineno": 290}
{"level": "info", "event": "inference_complete", "timestamp": "2026-03-19T02:10:45.293648+00:00", "path": "/api/v1/classify", "latency_ms": 48.11, "status_code": 200, "logger": "src.app", "filename": "app.py", "lineno": 290}
{"level": "info", "event": "inference_complete", "timestamp": "2026-03-19T02:10:45.929764+00:00", "path": "/api/v1/classify", "latency_ms": 50.93, "status_code": 200, "logger": "src.app", "filename": "app.py", "lineno": 290}
{"level": "info", "event": "inference_complete", "timestamp": "2026-03-19T02:10:47.274069+00:00", "path": "/api/v1/health", "latency_ms": 3.19, "status_code": 200, "logger": "src.app", "filename": "app.py", "lineno": 290}
{"level": "info", "event": "inference_complete", "timestamp": "2026-03-19T02:10:48.103619+00:00", "path": "/api/v1/generate", "latency_ms": 118.12, "status_code": 200, "logger": "src.app", "filename": "app.py", "lineno": 290}
{"level": "info", "event": "inference_complete", "timestamp": "2026-03-19T02:10:49.828478+00:00", "path": "/api/v1/classify", "latency_ms": 62.33, "status_code": 200, "logger": "src.app", "filename": "app.py", "lineno": 290}
{"level": "error", "event": "inference_failed", "timestamp": "2026-03-19T02:10:51.602882+00:00", "path": "/api/v1/health", "latency_ms": 7.22, "status_code": 500, "logger": "src.app", "filename": "app.py", "lineno": 280, "message": "Model inference timeout"}
{"level": "info", "event": "inference_complete", "timestamp": "2026-03-19T02:10:53.591196+00:00", "path": "/api/v1/classify", "latency_ms": 36.98, "status_code": 200, "logger": "src.app", "filename": "app.py", "lineno": 290}
{"level": "info", "event": "inference_complete", "timestamp": "2026-03-19T02:10:54.953358+00:00", "path": "/api/v1/generate", "latency_ms": 122.74, "status_code": 200, "logger": "src.app", "filename": "app.py", "lineno": 290}
{"level": "info", "event": "inference_complete", "timestamp": "2026-03-19T02:10:56.090153+00:00", "path": "/api/v1/metrics", "latency_ms": 5.14, "status_code": 200, "logger": "src.app", "filename": "app.py", "lineno": 290}
{"level": "info", "event": "inference_complete", "timestamp": "2026-03-19T02:10:56.448245+00:00", "path": "/api/v1/classify", "latency_ms": 41.66, "status_code": 200, "logger": "src.app", "filename": "app.py", "lineno": 290}
{"level": "info", "event": "inference_complete", "timestamp": "2026-03-19T02:10:56.790788+00:00", "path": "/api/v1/batch/classify", "latency_ms": 175.93, "status_code": 200, "logger": "src.app", "filename": "app.py", "lineno": 290}
{"level": "info", "event": "inference_complete", "timestamp": "2026-03-19T02:10:58.008612+00:00", "path": "/api/v1/classify", "latency_ms": 302.16, "status_code": 200, "logger": "src.app", "filename": "app.py", "lineno": 290}
{"level": "info", "event": "inference_complete", "timestamp": "2026-03-19T02:10:58.869154+00:00", "path": "/api/v1/metrics", "latency_ms": 7.03, "status_code": 200, "logger": "src.app", "filename": "app.py", "lineno": 290}
{"level": "info", "event": "inference_complete", "timestamp": "2026-03-19T02:10:59.298285+00:00", "path": "/api/v1/batch/classify", "latency_ms": 160.84, "status_code": 200, "logger": "src.app", "filename": "app.py", "lineno": 290}
{"level": "info", "event": "inference_complete", "timestamp": "2026-03-19T02:11:01.094304+00:00", "path": "/api/v1/health", "latency_ms": 4.06, "status_code": 200, "logger": "src.app", "filename": "app.py", "lineno": 290}
{"level": "info", "event": "inference_complete", "timestamp": "2026-03-19T02:11:02.866823+00:00", "path": "/api/v1/classify", "latency_ms": 49.48, "status_code": 200, "logger": "src.app", "filename": "app.py", "lineno": 290}
{"level": "error", "event": "inference_failed", "timestamp": "2026-03-19T02:11:04.605866+00:00", "path": "/api/v1/classify", "latency_ms": 59.39, "status_code": 500, "logger": "src.app", "filename": "app.py", "lineno": 280, "message": "Model inference timeout"}
{"level": "info", "event": "inference_complete", "timestamp": "2026-03-19T02:11:05.078056+00:00", "path": "/api/v1/batch/classify", "latency_ms": 121.03, "status_code": 200, "logger": "src.app", "filename": "app.py", "lineno": 290}
{"level": "info", "event": "inference_complete", "timestamp": "2026-03-19T02:11:06.110059+00:00", "path": "/api/v1/classify", "latency_ms": 39.36, "status_code": 200, "logger": "src.app", "filename": "app.py", "lineno": 290}
{"level": "info", "event": "inference_complete", "timestamp": "2026-03-19T02:11:06.958859+00:00", "path": "/api/v1/metrics", "latency_ms": 8.91, "status_code": 200, "logger": "src.app", "filename": "app.py", "lineno": 290}
{"level": "info", "event": "inference_complete", "timestamp": "2026-03-19T02:11:07.409077+00:00", "path": "/api/v1/metrics", "latency_ms": 5.19, "status_code": 200, "logger": "src.app", "filename": "app.py", "lineno": 290}
{"level": "info", "event": "inference_complete", "timestamp": "2026-03-19T02:11:07.954049+00:00", "path": "/api/v1/generate", "latency_ms": 130.44, "status_code": 200, "logger": "src.app", "filename": "app.py", "lineno": 290}
{"level": "info", "event": "inference_complete", "timestamp": "2026-03-19T02:11:08.629738+00:00", "path": "/api/v1/classify", "latency_ms": 36.5, "status_code": 200, "logger": "src.app", "filename": "app.py", "lineno": 290}
{"level": "info", "event": "inference_complete", "timestamp": "2026-03-19T02:11:10.008685+00:00", "path": "/api/v1/classify", "latency_ms": 25.74, "status_code": 200, "logger": "src.app", "filename": "app.py", "lineno": 290}
{"level": "info", "event": "inference_complete", "timestamp": "2026-03-19T02:11:11.280411+00:00", "path": "/api/v1/health", "latency_ms": 5.8, "status_code": 200, "logger": "src.app", "filename": "app.py", "lineno": 290}
{"level": "info", "event": "inference_complete", "timestamp": "2026-03-19T02:11:11.680386+00:00", "path": "/api/v1/classify", "latency_ms": 41.03, "status_code": 200, "logger": "src.app", "filename": "app.py", "lineno": 290}
{"level": "info", "event": "inference_complete", "timestamp": "2026-03-19T02:11:13.646550+00:00", "path": "/api/v1/batch/classify", "latency_ms": 153.19, "status_code": 200, "logger": "src.app", "filename": "app.py", "lineno": 290}
{"level": "info", "event": "inference_complete", "timestamp": "2026-03-19T02:11:14.269052+00:00", "path": "/api/v1/classify", "latency_ms": 51.98, "status_code": 200, "logger": "src.app", "filename": "app.py", "lineno": 290}
{"level": "info", "event": "inference_complete", "timestamp": "2026-03-19T02:11:16.117147+00:00", "path": "/api/v1/classify", "latency_ms": 34.34, "status_code": 200, "logger": "src.app", "filename": "app.py", "lineno": 290}
{"level": "info", "event": "inference_complete", "timestamp": "2026-03-19T02:11:17.677035+00:00", "path": "/api/v1/classify", "latency_ms": 55.43, "status_code": 200, "logger": "src.app", "filename": "app.py", "lineno": 290}
{"level": "info", "event": "inference_complete", "timestamp": "2026-03-19T02:11:18.396022+00:00", "path": "/api/v1/classify", "latency_ms": 26.88, "status_code": 200, "logger": "src.app", "filename": "app.py", "lineno": 290}
{"level": "info", "event": "inference_complete", "timestamp": "2026-03-19T02:11:19.198794+00:00", "path": "/api/v1/classify", "latency_ms": 43.92, "status_code": 200, "logger": "src.app", "filename": "app.py", "lineno": 290}
{"level": "error", "event": "inference_failed", "timestamp": "2026-03-19T02:11:20.206749+00:00", "path": "/api/v1/generate", "latency_ms": 140.34, "status_code": 500, "logger": "src.app", "filename": "app.py", "lineno": 280, "message": "Model inference timeout"}
{"level": "info", "event": "inference_complete", "timestamp": "2026-03-19T02:11:22.044323+00:00", "path": "/api/v1/classify", "latency_ms": 53.14, "status_code": 200, "logger": "src.app", "filename": "app.py", "lineno": 290}
{"level": "info", "event": "inference_complete", "timestamp": "2026-03-19T02:11:22.907113+00:00", "path": "/api/v1/models", "latency_ms": 2.41, "status_code": 200, "logger": "src.app", "filename": "app.py", "lineno": 290}
{"level": "info", "event": "inference_complete", "timestamp": "2026-03-19T02:11:23.671600+00:00", "path": "/api/v1/health", "latency_ms": 216.95, "status_code": 200, "logger": "src.app", "filename": "app.py", "lineno": 290}
{"level": "info", "event": "inference_complete", "timestamp": "2026-03-19T02:11:24.893876+00:00", "path": "/api/v1/classify", "latency_ms": 51.58, "status_code": 200, "logger": "src.app", "filename": "app.py", "lineno": 290}
{"level": "info", "event": "inference_complete", "timestamp": "2026-03-19T02:11:25.366743+00:00", "path": "/api/v1/classify", "latency_ms": 60.09, "status_code": 200, "logger": "src.app", "filename": "app.py", "lineno": 290}
{"level": "info", "event": "inference_complete", "timestamp": "2026-03-19T02:11:26.447523+00:00", "path": "/api/v1/classify", "latency_ms": 61.21, "status_code": 200, "logger": "src.app", "filename": "app.py", "lineno": 290}
{"level": "info", "event": "inference_complete", "timestamp": "2026-03-19T02:11:27.107007+00:00", "path": "/api/v1/generate", "latency_ms": 102.45, "status_code": 200, "logger": "src.app", "filename": "app.py", "lineno": 290}
{"level": "info", "event": "inference_complete", "timestamp": "2026-03-19T02:11:28.245115+00:00", "path": "/api/v1/classify", "latency_ms": 64.6, "status_code": 200, "logger": "src.app", "filename": "app.py", "lineno": 290}
{"level": "info", "event": "inference_complete", "timestamp": "2026-03-19T02:11:29.319992+00:00", "path": "/api/v1/health", "latency_ms": 4.22, "status_code": 200, "logger": "src.app", "filename": "app.py", "lineno": 290}
{"level": "error", "event": "inference_failed", "timestamp": "2026-03-19T02:11:30.113958+00:00", "path": "/api/v1/batch/classify", "latency_ms": 201.83, "status_code": 500, "logger": "src.app", "filename": "app.py", "lineno": 280, "message": "Model inference timeout"}
{"level": "info", "event": "inference_complete", "timestamp": "2026-03-19T02:11:31.161549+00:00", "path": "/api/v1/health", "latency_ms": 5.88, "status_code": 200, "logger": "src.app", "filename": "app.py", "lineno": 290}
{"level": "info", "event": "inference_complete", "timestamp": "2026-03-19T02:11:32.882024+00:00", "path": "/api/v1/classify", "latency_ms": 483.71, "status_code": 200, "logger": "src.app", "filename": "app.py", "lineno": 290}
{"level": "info", "event": "inference_complete", "timestamp": "2026-03-19T02:11:33.753739+00:00", "path": "/api/v1/metrics", "latency_ms": 8.97, "status_code": 200, "logger": "src.app", "filename": "app.py", "lineno": 290}
{"level": "info", "event": "inference_complete", "timestamp": "2026-03-19T02:11:35.274144+00:00", "path": "/api/v1/classify", "latency_ms": 416.01, "status_code": 200, "logger": "src.app", "filename": "app.py", "lineno": 290}
{"level": "info", "event": "inference_complete", "timestamp": "2026-03-19T02:11:36.502174+00:00", "path": "/api/v1/batch/classify", "latency_ms": 182.68, "status_code": 200, "logger": "src.app", "filename": "app.py", "lineno": 290}
{"level": "info", "event": "inference_complete", "timestamp": "2026-03-19T02:11:37.345917+00:00", "path": "/api/v1/classify", "latency_ms": 41.04, "status_code": 200, "logger": "src.app", "filename": "app.py", "lineno": 290}
{"level": "info", "event": "inference_complete", "timestamp": "2026-03-19T02:11:38.210137+00:00", "path": "/api/v1/batch/classify", "latency_ms": 525.02, "status_code": 200, "logger": "src.app", "filename": "app.py", "lineno": 290}
{"level": "info", "event": "inference_complete", "timestamp": "2026-03-19T02:11:39.644966+00:00", "path": "/api/v1/generate", "latency_ms": 127.23, "status_code": 200, "logger": "src.app", "filename": "app.py", "lineno": 290}
{"level": "info", "event": "inference_complete", "timestamp": "2026-03-19T02:11:41.065298+00:00", "path": "/api/v1/generate", "latency_ms": 134.16, "status_code": 200, "logger": "src.app", "filename": "app.py", "lineno": 290}
{"level": "info", "event": "inference_complete", "timestamp": "2026-03-19T02:11:41.678370+00:00", "path": "/api/v1/health", "latency_ms": 4.81, "status_code": 200, "logger": "src.app", "filename": "app.py", "lineno": 290}
{"level": "info", "event": "inference_complete", "timestamp": "2026-03-19T02:11:42.865224+00:00", "path": "/api/v1/classify", "latency_ms": 49.86, "status_code": 200, "logger": "src.app", "filename": "app.py", "lineno": 290}
{"level": "info", "event": "inference_complete", "timestamp": "2026-03-19T02:11:44.811858+00:00", "path": "/api/v1/health", "latency_ms": 4.68, "status_code": 200, "logger": "src.app", "filename": "app.py", "lineno": 290}
{"level": "info", "event": "inference_complete", "timestamp": "2026-03-19T02:11:45.760939+00:00", "path": "/api/v1/metrics", "latency_ms": 9.43, "status_code": 200, "logger": "src.app", "filename": "app.py", "lineno": 290}
{"level": "info", "event": "inference_complete", "timestamp": "2026-03-19T02:11:46.659962+00:00", "path": "/api/v1/health", "latency_ms": 3.39, "status_code": 200, "logger": "src.app", "filename": "app.py", "lineno": 290}
{"level": "info", "event": "inference_complete", "timestamp": "2026-03-19T02:11:47.321426+00:00", "path": "/api/v1/generate", "latency_ms": 133.23, "status_code": 200, "logger": "src.app", "filename": "app.py", "lineno": 290}
{"level": "info", "event": "inference_complete", "timestamp": "2026-03-19T02:11:49.052852+00:00", "path": "/api/v1/health", "latency_ms": 2.31, "status_code": 200, "logger": "src.app", "filename": "app.py", "lineno": 290}
{"level": "info", "event": "inference_complete", "timestamp": "2026-03-19T02:11:50.884612+00:00", "path": "/api/v1/generate", "latency_ms": 107.71, "status_code": 200, "logger": "src.app", "filename": "app.py", "lineno": 290}
{"level": "info", "event": "inference_complete", "timestamp": "2026-03-19T02:11:51.837946+00:00", "path": "/api/v1/health", "latency_ms": 5.01, "status_code": 200, "logger": "src.app", "filename": "app.py", "lineno": 290}
{"level": "info", "event": "inference_complete", "timestamp": "2026-03-19T02:11:52.972124+00:00", "path": "/api/v1/classify", "latency_ms": 58.62, "status_code": 200, "logger": "src.app", "filename": "app.py", "lineno": 290}
{"level": "error", "event": "inference_failed", "timestamp": "2026-03-19T02:11:54.033163+00:00", "path": "/api/v1/generate", "latency_ms": 82.12, "status_code": 500, "logger": "src.app", "filename": "app.py", "lineno": 280, "message": "Concurrency limit exceeded"}
{"level": "info", "event": "inference_complete", "timestamp": "2026-03-19T02:11:54.511490+00:00", "path": "/api/v1/classify", "latency_ms": 65.81, "status_code": 200, "logger": "src.app", "filename": "app.py", "lineno": 290}
{"level": "info", "event": "inference_complete", "timestamp": "2026-03-19T02:11:54.926732+00:00", "path": "/api/v1/classify", "latency_ms": 53.49, "status_code": 200, "logger": "src.app", "filename": "app.py", "lineno": 290}
{"level": "info", "event": "inference_complete", "timestamp": "2026-03-19T02:11:55.926116+00:00", "path": "/api/v1/batch/classify", "latency_ms": 815.21, "status_code": 200, "logger": "src.app", "filename": "app.py", "lineno": 290}
{"level": "info", "event": "inference_complete", "timestamp": "2026-03-19T02:11:56.288475+00:00", "path": "/api/v1/batch/classify", "latency_ms": 230.27, "status_code": 200, "logger": "src.app", "filename": "app.py", "lineno": 290}
{"level": "info", "event": "inference_complete", "timestamp": "2026-03-19T02:11:57.055137+00:00", "path": "/api/v1/metrics", "latency_ms": 698.6, "status_code": 200, "logger": "src.app", "filename": "app.py", "lineno": 290}
{"level": "info", "event": "inference_complete", "timestamp": "2026-03-19T02:11:58.459347+00:00", "path": "/api/v1/batch/classify", "latency_ms": 235.54, "status_code": 200, "logger": "src.app", "filename": "app.py", "lineno": 290}
{"level": "info", "event": "inference_complete", "timestamp": "2026-03-19T02:12:00.349921+00:00", "path": "/api/v1/health", "latency_ms": 296.75, "status_code": 200, "logger": "src.app", "filename": "app.py", "lineno": 290}
{"level": "info", "event": "inference_complete", "timestamp": "2026-03-19T02:12:01.929334+00:00", "path": "/api/v1/generate", "latency_ms": 90.92, "status_code": 200, "logger": "src.app", "filename": "app.py", "lineno": 290}
{"level": "info", "event": "inference_complete", "timestamp": "2026-03-19T02:12:03.867019+00:00", "path": "/api/v1/classify", "latency_ms": 41.5, "status_code": 200, "logger": "src.app", "filename": "app.py", "lineno": 290}
{"level": "info", "event": "inference_complete", "timestamp": "2026-03-19T02:12:05.652989+00:00", "path": "/api/v1/health", "latency_ms": 5.39, "status_code": 200, "logger": "src.app", "filename": "app.py", "lineno": 290}
{"level": "info", "event": "inference_complete", "timestamp": "2026-03-19T02:12:06.658351+00:00", "path": "/api/v1/generate", "latency_ms": 93.31, "status_code": 200, "logger": "src.app", "filename": "app.py", "lineno": 290}
{"level": "info", "event": "inference_complete", "timestamp": "2026-03-19T02:12:07.393883+00:00", "path": "/api/v1/batch/classify", "latency_ms": 164.4, "status_code": 200, "logger": "src.app", "filename": "app.py", "lineno": 290}
{"level": "info", "event": "inference_complete", "timestamp": "2026-03-19T02:12:08.836618+00:00", "path": "/api/v1/classify", "latency_ms": 58.25, "status_code": 200, "logger": "src.app", "filename": "app.py", "lineno": 290}
{"level": "info", "event": "inference_complete", "timestamp": "2026-03-19T02:12:09.538990+00:00", "path": "/api/v1/health", "latency_ms": 6.68, "status_code": 200, "logger": "src.app", "filename": "app.py", "lineno": 290}
{"level": "info", "event": "inference_complete", "timestamp": "2026-03-19T02:12:10.597098+00:00", "path": "/api/v1/classify", "latency_ms": 415.13, "status_code": 200, "logger": "src.app", "filename": "app.py", "lineno": 290}
{"level": "info", "event": "inference_complete", "timestamp": "2026-03-19T02:12:11.969231+00:00", "path": "/api/v1/classify", "latency_ms": 45.71, "status_code": 200, "logger": "src.app", "filename": "app.py", "lineno": 290}
{"level": "info", "event": "inference_complete", "timestamp": "2026-03-19T02:12:13.814415+00:00", "path": "/api/v1/classify", "latency_ms": 56.63, "status_code": 200, "logger": "src.app", "filename": "app.py", "lineno": 290}
{"level": "info", "event": "inference_complete", "timestamp": "2026-03-19T02:12:14.907281+00:00", "path": "/api/v1/classify", "latency_ms": 50.12, "status_code": 200, "logger": "src.app", "filename": "app.py", "lineno": 290}
{"level": "info", "event": "inference_complete", "timestamp": "2026-03-19T02:12:16.640740+00:00", "path": "/api/v1/generate", "latency_ms": 143.22, "status_code": 200, "logger": "src.app", "filename": "app.py", "lineno": 290}
{"level": "info", "event": "inference_complete", "timestamp": "2026-03-19T02:12:17.046837+00:00", "path": "/api/v1/classify", "latency_ms": 55.88, "status_code": 200, "logger": "src.app", "filename": "app.py", "lineno": 290}
{"level": "info", "event": "inference_complete", "timestamp": "2026-03-19T02:12:17.459541+00:00", "path": "/api/v1/models", "latency_ms": 3.61, "status_code": 200, "logger": "src.app", "filename": "app.py", "lineno": 290}
{"level": "info", "event": "inference_complete", "timestamp": "2026-03-19T02:12:18.833550+00:00", "path": "/api/v1/classify", "latency_ms": 48.96, "status_code": 200, "logger": "src.app", "filename": "app.py", "lineno": 290}
{"level": "info", "event": "inference_complete", "timestamp": "2026-03-19T02:12:20.031405+00:00", "path": "/api/v1/classify", "latency_ms": 37.34, "status_code": 200, "logger": "src.app", "filename": "app.py", "lineno": 290}
{"level": "info", "event": "inference_complete", "timestamp": "2026-03-19T02:12:21.233024+00:00", "path": "/api/v1/classify", "latency_ms": 47.79, "status_code": 200, "logger": "src.app", "filename": "app.py", "lineno": 290}
{"level": "info", "event": "inference_complete", "timestamp": "2026-03-19T02:12:22.823053+00:00", "path": "/api/v1/metrics", "latency_ms": 10.32, "status_code": 200, "logger": "src.app", "filename": "app.py", "lineno": 290}
{"level": "info", "event": "inference_complete", "timestamp": "2026-03-19T02:12:24.768171+00:00", "path": "/api/v1/classify", "latency_ms": 48.61, "status_code": 200, "logger": "src.app", "filename": "app.py", "lineno": 290}
{"level": "info", "event": "inference_complete", "timestamp": "2026-03-19T02:12:26.666928+00:00", "path": "/api/v1/classify", "latency_ms": 64.95, "status_code": 200, "logger": "src.app", "filename": "app.py", "lineno": 290}
{"level": "info", "event": "inference_complete", "timestamp": "2026-03-19T02:12:27.963299+00:00", "path": "/api/v1/classify", "latency_ms": 54.37, "status_code": 200, "logger": "src.app", "filename": "app.py", "lineno": 290}
{"level": "info", "event": "inference_complete", "timestamp": "2026-03-19T02:12:29.816628+00:00", "path": "/api/v1/models", "latency_ms": 2.97, "status_code": 200, "logger": "src.app", "filename": "app.py", "lineno": 290}
{"level": "info", "event": "inference_complete", "timestamp": "2026-03-19T02:12:30.356017+00:00", "path": "/api/v1/classify", "latency_ms": 36.81, "status_code": 200, "logger": "src.app", "filename": "app.py", "lineno": 290}
{"level": "info", "event": "inference_complete", "timestamp": "2026-03-19T02:12:31.544914+00:00", "path": "/api/v1/classify", "latency_ms": 58.58, "status_code": 200, "logger": "src.app", "filename": "app.py", "lineno": 290}
{"level": "info", "event": "inference_complete", "timestamp": "2026-03-19T02:12:33.507474+00:00", "path": "/api/v1/metrics", "latency_ms": 7.53, "status_code": 200, "logger": "src.app", "filename": "app.py", "lineno": 290}
{"level": "info", "event": "inference_complete", "timestamp": "2026-03-19T02:12:35.153699+00:00", "path": "/api/v1/generate", "latency_ms": 569.39, "status_code": 200, "logger": "src.app", "filename": "app.py", "lineno": 290}
{"level": "info", "event": "inference_complete", "timestamp": "2026-03-19T02:12:35.895262+00:00", "path": "/api/v1/classify", "latency_ms": 56.82, "status_code": 200, "logger": "src.app", "filename": "app.py", "lineno": 290}
{"level": "info", "event": "inference_complete", "timestamp": "2026-03-19T02:12:37.275825+00:00", "path": "/api/v1/classify", "latency_ms": 58.27, "status_code": 200, "logger": "src.app", "filename": "app.py", "lineno": 290}
{"level": "info", "event": "inference_complete", "timestamp": "2026-03-19T02:12:37.845381+00:00", "path": "/api/v1/classify", "latency_ms": 46.38, "status_code": 200, "logger": "src.app", "filename": "app.py", "lineno": 290}
{"level": "info", "event": "inference_complete", "timestamp": "2026-03-19T02:12:39.814336+00:00", "path": "/api/v1/health", "latency_ms": 580.5, "status_code": 200, "logger": "src.app", "filename": "app.py", "lineno": 290}
{"level": "info", "event": "inference_complete", "timestamp": "2026-03-19T02:12:41.697158+00:00", "path": "/api/v1/metrics", "latency_ms": 4.55, "status_code": 200, "logger": "src.app", "filename": "app.py", "lineno": 290}
{"level": "info", "event": "inference_complete", "timestamp": "2026-03-19T02:12:43.442591+00:00", "path": "/api/v1/classify", "latency_ms": 48.16, "status_code": 200, "logger": "src.app", "filename": "app.py", "lineno": 290}
{"level": "info", "event": "inference_complete", "timestamp": "2026-03-19T02:12:44.134182+00:00", "path": "/api/v1/metrics", "latency_ms": 8.17, "status_code": 200, "logger": "src.app", "filename": "app.py", "lineno": 290}
{"level": "info", "event": "inference_complete", "timestamp": "2026-03-19T02:12:46.022646+00:00", "path": "/api/v1/classify", "latency_ms": 30.74, "status_code": 200, "logger": "src.app", "filename": "app.py", "lineno": 290}
{"level": "info", "event": "inference_complete", "timestamp": "2026-03-19T02:12:47.353278+00:00", "path": "/api/v1/classify", "latency_ms": 60.17, "status_code": 200, "logger": "src.app", "filename": "app.py", "lineno": 290}
{"level": "info", "event": "inference_complete", "timestamp": "2026-03-19T02:12:47.666891+00:00", "path": "/api/v1/generate", "latency_ms": 102.47, "status_code": 200, "logger": "src.app", "filename": "app.py", "lineno": 290}
{"level": "info", "event": "inference_complete", "timestamp": "2026-03-19T02:12:48.791503+00:00", "path": "/api/v1/generate", "latency_ms": 125.86, "status_code": 200, "logger": "src.app", "filename": "app.py", "lineno": 290}
{"level": "info", "event": "inference_complete", "timestamp": "2026-03-19T02:12:50.689389+00:00", "path": "/api/v1/health", "latency_ms": 6.55, "status_code": 200, "logger": "src.app", "filename": "app.py", "lineno": 290}
{"level": "info", "event": "inference_complete", "timestamp": "2026-03-19T02:12:52.234530+00:00", "path": "/api/v1/classify", "latency_ms": 44.79, "status_code": 200, "logger": "src.app", "filename": "app.py", "lineno": 290}
{"level": "info", "event": "inference_complete", "timestamp": "2026-03-19T02:12:54.111834+00:00", "path": "/api/v1/classify", "latency_ms": 37.76, "status_code": 200, "logger": "src.app", "filename": "app.py", "lineno": 290}
{"level": "info", "event": "inference_complete", "timestamp": "2026-03-19T02:12:55.941600+00:00", "path": "/api/v1/generate", "latency_ms": 90.82, "status_code": 200, "logger": "src.app", "filename": "app.py", "lineno": 290}
{"level": "info", "event": "inference_complete", "timestamp": "2026-03-19T02:12:57.935664+00:00", "path": "/api/v1/batch/classify", "latency_ms": 864.62, "status_code": 200, "logger": "src.app", "filename": "app.py", "lineno": 290}
{"level": "info", "event": "inference_complete", "timestamp": "2026-03-19T02:12:59.084483+00:00", "path": "/api/v1/classify", "latency_ms": 56.02, "status_code": 200, "logger": "src.app", "filename": "app.py", "lineno": 290}
{"level": "info", "event": "inference_complete", "timestamp": "2026-03-19T02:12:59.806272+00:00", "path": "/api/v1/batch/classify", "latency_ms": 145.48, "status_code": 200, "logger": "src.app", "filename": "app.py", "lineno": 290}
{"level": "info", "event": "inference_complete", "timestamp": "2026-03-19T02:13:01.114608+00:00", "path": "/api/v1/generate", "latency_ms": 133.66, "status_code": 200, "logger": "src.app", "filename": "app.py", "lineno": 290}
{"level": "info", "event": "inference_complete", "timestamp": "2026-03-19T02:13:02.973372+00:00", "path": "/api/v1/health", "latency_ms": 6.25, "status_code": 200, "logger": "src.app", "filename": "app.py", "lineno": 290}
{"level": "info", "event": "inference_complete", "timestamp": "2026-03-19T02:13:03.897388+00:00", "path": "/api/v1/generate", "latency_ms": 153.6, "status_code": 200, "logger": "src.app", "filename": "app.py", "lineno": 290}
{"level": "info", "event": "inference_complete", "timestamp": "2026-03-19T02:13:04.699186+00:00", "path": "/api/v1/batch/classify", "latency_ms": 216.68, "status_code": 200, "logger": "src.app", "filename": "app.py", "lineno": 290}
{"level": "info", "event": "inference_complete", "timestamp": "2026-03-19T02:13:05.219020+00:00", "path": "/api/v1/generate", "latency_ms": 134.29, "status_code": 200, "logger": "src.app", "filename": "app.py", "lineno": 290}
{"level": "info", "event": "inference_complete", "timestamp": "2026-03-19T02:13:05.926903+00:00", "path": "/api/v1/generate", "latency_ms": 109.42, "status_code": 200, "logger": "src.app", "filename": "app.py", "lineno": 290}
{"level": "info", "event": "inference_complete", "timestamp": "2026-03-19T02:13:07.765136+00:00", "path": "/api/v1/batch/classify", "latency_ms": 136.23, "status_code": 200, "logger": "src.app", "filename": "app.py", "lineno": 290}
{"level": "info", "event": "inference_complete", "timestamp": "2026-03-19T02:13:09.148234+00:00", "path": "/api/v1/batch/classify", "latency_ms": 198.07, "status_code": 200, "logger": "src.app", "filename": "app.py", "lineno": 290}
{"level": "info", "event": "inference_complete", "timestamp": "2026-03-19T02:13:10.185317+00:00", "path": "/api/v1/batch/classify", "latency_ms": 177.9, "status_code": 200, "logger": "src.app", "filename": "app.py", "lineno": 290}
{"level": "info", "event": "inference_complete", "timestamp": "2026-03-19T02:13:12.101125+00:00", "path": "/api/v1/batch/classify", "latency_ms": 825.66, "status_code": 200, "logger": "src.app", "filename": "app.py", "lineno": 290}
{"level": "info", "event": "inference_complete", "timestamp": "2026-03-19T02:13:13.795710+00:00", "path": "/api/v1/health", "latency_ms": 6.01, "status_code": 200, "logger": "src.app", "filename": "app.py", "lineno": 290}
{"level": "info", "event": "inference_complete", "timestamp": "2026-03-19T02:13:14.732220+00:00", "path": "/api/v1/metrics", "latency_ms": 9.03, "status_code": 200, "logger": "src.app", "filename": "app.py", "lineno": 290}
{"level": "info", "event": "inference_complete", "timestamp": "2026-03-19T02:13:16.706983+00:00", "path": "/api/v1/classify", "latency_ms": 63.56, "status_code": 200, "logger": "src.app", "filename": "app.py", "lineno": 290}
{"level": "info", "event": "inference_complete", "timestamp": "2026-03-19T02:13:17.057265+00:00", "path": "/api/v1/classify", "latency_ms": 60.94, "status_code": 200, "logger": "src.app", "filename": "app.py", "lineno": 290}
{"level": "info", "event": "inference_complete", "timestamp": "2026-03-19T02:13:18.298498+00:00", "path": "/api/v1/models", "latency_ms": 2.08, "status_code": 200, "logger": "src.app", "filename": "app.py", "lineno": 290}
{"level": "info", "event": "inference_complete", "timestamp": "2026-03-19T02:13:20.230405+00:00", "path": "/api/v1/batch/classify", "latency_ms": 392.97, "status_code": 200, "logger": "src.app", "filename": "app.py", "lineno": 290}
{"level": "info", "event": "inference_complete", "timestamp": "2026-03-19T02:13:21.472808+00:00", "path": "/api/v1/generate", "latency_ms": 114.67, "status_code": 200, "logger": "src.app", "filename": "app.py", "lineno": 290}
{"level": "info", "event": "inference_complete", "timestamp": "2026-03-19T02:13:22.214286+00:00", "path": "/api/v1/batch/classify", "latency_ms": 209.71, "status_code": 200, "logger": "src.app", "filename": "app.py", "lineno": 290}
{"level": "info", "event": "inference_complete", "timestamp": "2026-03-19T02:13:23.271890+00:00", "path": "/api/v1/models", "latency_ms": 2.83, "status_code": 200, "logger": "src.app", "filename": "app.py", "lineno": 290}
{"level": "info", "event": "inference_complete", "timestamp": "2026-03-19T02:13:23.619633+00:00", "path": "/api/v1/health", "latency_ms": 2.74, "status_code": 200, "logger": "src.app", "filename": "app.py", "lineno": 290}
{"level": "info", "event": "inference_complete", "timestamp": "2026-03-19T02:13:24.364642+00:00", "path": "/api/v1/classify", "latency_ms": 51.01, "status_code": 200, "logger": "src.app", "filename": "app.py", "lineno": 290}
{"level": "info", "event": "inference_complete", "timestamp": "2026-03-19T02:13:24.873546+00:00", "path": "/api/v1/classify", "latency_ms": 44.37, "status_code": 200, "logger": "src.app", "filename": "app.py", "lineno": 290}
{"level": "info", "event": "inference_complete", "timestamp": "2026-03-19T02:13:25.394325+00:00", "path": "/api/v1/classify", "latency_ms": 31.78, "status_code": 200, "logger": "src.app", "filename": "app.py", "lineno": 290}
{"level": "info", "event": "inference_complete", "timestamp": "2026-03-19T02:13:26.406195+00:00", "path": "/api/v1/batch/classify", "latency_ms": 874.17, "status_code": 200, "logger": "src.app", "filename": "app.py", "lineno": 290}
{"level": "info", "event": "inference_complete", "timestamp": "2026-03-19T02:13:27.193940+00:00", "path": "/api/v1/classify", "latency_ms": 57.5, "status_code": 200, "logger": "src.app", "filename": "app.py", "lineno": 290}
